5/12/19 20:03 Started
5/12/19 20:03 DiegoSamuelBalderramaQuino-taller3-webapp: JDevOJSP: init
5/12/19 20:03 DiegoSamuelBalderramaQuino-taller3-webapp: action: init
5/12/19 20:03 DiegoSamuelBalderramaQuino-taller3-webapp: 9.0.3.0.0 Started
5/12/19 20:04 Started
5/12/19 20:04 DiegoSamuelBalderramaQuino-taller3-webapp: JDevOJSP: init
5/12/19 20:04 DiegoSamuelBalderramaQuino-taller3-webapp: action: init
5/12/19 20:04 DiegoSamuelBalderramaQuino-taller3-webapp: 9.0.3.0.0 Started
5/12/19 20:05 Started
5/12/19 20:05 DiegoSamuelBalderramaQuino-taller3-webapp: JDevOJSP: init
5/12/19 20:05 DiegoSamuelBalderramaQuino-taller3-webapp: action: init
5/12/19 20:05 DiegoSamuelBalderramaQuino-taller3-webapp: 9.0.3.0.0 Started
5/12/19 20:43 Started
5/12/19 20:43 DiegoSamuelBalderramaQuino-taller3-webapp: JDevOJSP: init
5/12/19 20:43 DiegoSamuelBalderramaQuino-taller3-webapp: action: init
5/12/19 20:43 DiegoSamuelBalderramaQuino-taller3-webapp: 9.0.3.0.0 Started
5/12/19 20:43 DiegoSamuelBalderramaQuino-taller3-webapp: Servlet error
javax.servlet.jsp.JspException: Cannot find bean legend in any scope
	java.lang.Object org.apache.struts.util.RequestUtils.lookup(javax.servlet.jsp.PageContext, java.lang.String, java.lang.String, java.lang.String)
		RequestUtils.java:714
	int org.apache.struts.taglib.logic.IterateTag.doStartTag()
		IterateTag.java:303
	void _listProduct._jspService(javax.servlet.http.HttpServletRequest, javax.servlet.http.HttpServletResponse)
		listProduct.jsp:13
	void oracle.jsp.runtime.HttpJsp.service(javax.servlet.ServletRequest, javax.servlet.ServletResponse)
		HttpJsp.java:139
	void oracle.jsp.runtimev2.JspPageTable.service(javax.servlet.http.HttpServletRequest, javax.servlet.http.HttpServletResponse, java.lang.String)
		JspPageTable.java:317
	void oracle.jsp.runtimev2.JspServlet.internalService(javax.servlet.http.HttpServletRequest, javax.servlet.http.HttpServletResponse)
		JspServlet.java:465
	void oracle.jsp.runtimev2.JspServlet.service(javax.servlet.http.HttpServletRequest, javax.servlet.http.HttpServletResponse)
		JspServlet.java:379
	void javax.servlet.http.HttpServlet.service(javax.servlet.ServletRequest, javax.servlet.ServletResponse)
		HttpServlet.java:853
	void com.evermind[Oracle9iAS (9.0.3.0.0) Containers for J2EE].server.http.ServletRequestDispatcher.invoke(javax.servlet.ServletRequest, javax.servlet.ServletResponse)
		ServletRequestDispatcher.java:721
	void com.evermind[Oracle9iAS (9.0.3.0.0) Containers for J2EE].server.http.ServletRequestDispatcher.forwardInternal(javax.servlet.ServletRequest, javax.servlet.http.HttpServletResponse)
		ServletRequestDispatcher.java:306
	void com.evermind[Oracle9iAS (9.0.3.0.0) Containers for J2EE].server.http.ServletRequestDispatcher.forward(javax.servlet.ServletRequest, javax.servlet.ServletResponse)
		ServletRequestDispatcher.java:209
	void org.apache.struts.action.RequestProcessor.doForward(java.lang.String, javax.servlet.http.HttpServletRequest, javax.servlet.http.HttpServletResponse)
		RequestProcessor.java:1014
	void org.apache.struts.action.RequestProcessor.processForwardConfig(javax.servlet.http.HttpServletRequest, javax.servlet.http.HttpServletResponse, org.apache.struts.config.ForwardConfig)
		RequestProcessor.java:417
	void org.apache.struts.action.RequestProcessor.processActionForward(javax.servlet.http.HttpServletRequest, javax.servlet.http.HttpServletResponse, org.apache.struts.action.ActionForward)
		RequestProcessor.java:390
	void org.apache.struts.action.RequestProcessor.process(javax.servlet.http.HttpServletRequest, javax.servlet.http.HttpServletResponse)
		RequestProcessor.java:271
	void org.apache.struts.action.ActionServlet.process(javax.servlet.http.HttpServletRequest, javax.servlet.http.HttpServletResponse)
		ActionServlet.java:1292
	void org.apache.struts.action.ActionServlet.doPost(javax.servlet.http.HttpServletRequest, javax.servlet.http.HttpServletResponse)
		ActionServlet.java:510
	void javax.servlet.http.HttpServlet.service(javax.servlet.http.HttpServletRequest, javax.servlet.http.HttpServletResponse)
		HttpServlet.java:760
	void javax.servlet.http.HttpServlet.service(javax.servlet.ServletRequest, javax.servlet.ServletResponse)
		HttpServlet.java:853
	void com.evermind[Oracle9iAS (9.0.3.0.0) Containers for J2EE].server.http.ServletRequestDispatcher.invoke(javax.servlet.ServletRequest, javax.servlet.ServletResponse)
		ServletRequestDispatcher.java:721
	void com.evermind[Oracle9iAS (9.0.3.0.0) Containers for J2EE].server.http.ServletRequestDispatcher.forwardInternal(javax.servlet.ServletRequest, javax.servlet.http.HttpServletResponse)
		ServletRequestDispatcher.java:306
	boolean com.evermind[Oracle9iAS (9.0.3.0.0) Containers for J2EE].server.http.HttpRequestHandler.processRequest(com.evermind[Oracle9iAS (9.0.3.0.0) Containers for J2EE].server.ApplicationServerThread, com.evermind[Oracle9iAS (9.0.3.0.0) Containers for J2EE].server.http.EvermindHttpServletRequest, com.evermind[Oracle9iAS (9.0.3.0.0) Containers for J2EE].server.http.EvermindHttpServletResponse, java.io.InputStream, java.io.OutputStream, boolean)
		HttpRequestHandler.java:767
	void com.evermind[Oracle9iAS (9.0.3.0.0) Containers for J2EE].server.http.HttpRequestHandler.run(java.lang.Thread)
		HttpRequestHandler.java:259
	void com.evermind[Oracle9iAS (9.0.3.0.0) Containers for J2EE].server.http.HttpRequestHandler.run()
		HttpRequestHandler.java:106
	void EDU.oswego.cs.dl.util.concurrent.PooledExecutor$Worker.run()
		PooledExecutor.java:803
	void java.lang.Thread.run()
		Thread.java:484
5/12/19 20:45 Started
5/12/19 20:45 DiegoSamuelBalderramaQuino-taller3-webapp: JDevOJSP: init
5/12/19 20:45 DiegoSamuelBalderramaQuino-taller3-webapp: action: init
5/12/19 20:45 DiegoSamuelBalderramaQuino-taller3-webapp: 9.0.3.0.0 Started
5/12/19 20:45 DiegoSamuelBalderramaQuino-taller3-webapp: Servlet error
javax.servlet.jsp.JspException: Cannot find bean legend in any scope
	java.lang.Object org.apache.struts.util.RequestUtils.lookup(javax.servlet.jsp.PageContext, java.lang.String, java.lang.String, java.lang.String)
		RequestUtils.java:714
	int org.apache.struts.taglib.logic.IterateTag.doStartTag()
		IterateTag.java:303
	void _listProduct._jspService(javax.servlet.http.HttpServletRequest, javax.servlet.http.HttpServletResponse)
		listProduct.jsp:13
	void oracle.jsp.runtime.HttpJsp.service(javax.servlet.ServletRequest, javax.servlet.ServletResponse)
		HttpJsp.java:139
	void oracle.jsp.runtimev2.JspPageTable.service(javax.servlet.http.HttpServletRequest, javax.servlet.http.HttpServletResponse, java.lang.String)
		JspPageTable.java:317
	void oracle.jsp.runtimev2.JspServlet.internalService(javax.servlet.http.HttpServletRequest, javax.servlet.http.HttpServletResponse)
		JspServlet.java:465
	void oracle.jsp.runtimev2.JspServlet.service(javax.servlet.http.HttpServletRequest, javax.servlet.http.HttpServletResponse)
		JspServlet.java:379
	void javax.servlet.http.HttpServlet.service(javax.servlet.ServletRequest, javax.servlet.ServletResponse)
		HttpServlet.java:853
	void com.evermind[Oracle9iAS (9.0.3.0.0) Containers for J2EE].server.http.ServletRequestDispatcher.invoke(javax.servlet.ServletRequest, javax.servlet.ServletResponse)
		ServletRequestDispatcher.java:721
	void com.evermind[Oracle9iAS (9.0.3.0.0) Containers for J2EE].server.http.ServletRequestDispatcher.forwardInternal(javax.servlet.ServletRequest, javax.servlet.http.HttpServletResponse)
		ServletRequestDispatcher.java:306
	void com.evermind[Oracle9iAS (9.0.3.0.0) Containers for J2EE].server.http.ServletRequestDispatcher.forward(javax.servlet.ServletRequest, javax.servlet.ServletResponse)
		ServletRequestDispatcher.java:209
	void org.apache.struts.action.RequestProcessor.doForward(java.lang.String, javax.servlet.http.HttpServletRequest, javax.servlet.http.HttpServletResponse)
		RequestProcessor.java:1014
	void org.apache.struts.action.RequestProcessor.processForwardConfig(javax.servlet.http.HttpServletRequest, javax.servlet.http.HttpServletResponse, org.apache.struts.config.ForwardConfig)
		RequestProcessor.java:417
	void org.apache.struts.action.RequestProcessor.processActionForward(javax.servlet.http.HttpServletRequest, javax.servlet.http.HttpServletResponse, org.apache.struts.action.ActionForward)
		RequestProcessor.java:390
	void org.apache.struts.action.RequestProcessor.process(javax.servlet.http.HttpServletRequest, javax.servlet.http.HttpServletResponse)
		RequestProcessor.java:271
	void org.apache.struts.action.ActionServlet.process(javax.servlet.http.HttpServletRequest, javax.servlet.http.HttpServletResponse)
		ActionServlet.java:1292
	void org.apache.struts.action.ActionServlet.doPost(javax.servlet.http.HttpServletRequest, javax.servlet.http.HttpServletResponse)
		ActionServlet.java:510
	void javax.servlet.http.HttpServlet.service(javax.servlet.http.HttpServletRequest, javax.servlet.http.HttpServletResponse)
		HttpServlet.java:760
	void javax.servlet.http.HttpServlet.service(javax.servlet.ServletRequest, javax.servlet.ServletResponse)
		HttpServlet.java:853
	void com.evermind[Oracle9iAS (9.0.3.0.0) Containers for J2EE].server.http.ServletRequestDispatcher.invoke(javax.servlet.ServletRequest, javax.servlet.ServletResponse)
		ServletRequestDispatcher.java:721
	void com.evermind[Oracle9iAS (9.0.3.0.0) Containers for J2EE].server.http.ServletRequestDispatcher.forwardInternal(javax.servlet.ServletRequest, javax.servlet.http.HttpServletResponse)
		ServletRequestDispatcher.java:306
	boolean com.evermind[Oracle9iAS (9.0.3.0.0) Containers for J2EE].server.http.HttpRequestHandler.processRequest(com.evermind[Oracle9iAS (9.0.3.0.0) Containers for J2EE].server.ApplicationServerThread, com.evermind[Oracle9iAS (9.0.3.0.0) Containers for J2EE].server.http.EvermindHttpServletRequest, com.evermind[Oracle9iAS (9.0.3.0.0) Containers for J2EE].server.http.EvermindHttpServletResponse, java.io.InputStream, java.io.OutputStream, boolean)
		HttpRequestHandler.java:767
	void com.evermind[Oracle9iAS (9.0.3.0.0) Containers for J2EE].server.http.HttpRequestHandler.run(java.lang.Thread)
		HttpRequestHandler.java:259
	void com.evermind[Oracle9iAS (9.0.3.0.0) Containers for J2EE].server.http.HttpRequestHandler.run()
		HttpRequestHandler.java:106
	void EDU.oswego.cs.dl.util.concurrent.PooledExecutor$Worker.run()
		PooledExecutor.java:803
	void java.lang.Thread.run()
		Thread.java:484
5/12/19 20:50 Started
5/12/19 20:50 DiegoSamuelBalderramaQuino-taller3-webapp: JDevOJSP: init
5/12/19 20:50 DiegoSamuelBalderramaQuino-taller3-webapp: action: init
5/12/19 20:50 DiegoSamuelBalderramaQuino-taller3-webapp: 9.0.3.0.0 Started
5/12/19 20:54 Started
5/12/19 20:54 DiegoSamuelBalderramaQuino-taller3-webapp: JDevOJSP: init
5/12/19 20:54 DiegoSamuelBalderramaQuino-taller3-webapp: action: init
5/12/19 20:54 DiegoSamuelBalderramaQuino-taller3-webapp: 9.0.3.0.0 Started
5/12/19 20:57 Started
5/12/19 20:57 DiegoSamuelBalderramaQuino-taller3-webapp: JDevOJSP: init
5/12/19 20:57 DiegoSamuelBalderramaQuino-taller3-webapp: action: init
5/12/19 20:57 DiegoSamuelBalderramaQuino-taller3-webapp: 9.0.3.0.0 Started
5/12/19 21:01 Started
5/12/19 21:01 DiegoSamuelBalderramaQuino-taller3-webapp: JDevOJSP: init
5/12/19 21:01 DiegoSamuelBalderramaQuino-taller3-webapp: action: init
5/12/19 21:01 DiegoSamuelBalderramaQuino-taller3-webapp: 9.0.3.0.0 Started
5/12/19 21:02 Started
5/12/19 21:02 DiegoSamuelBalderramaQuino-taller3-webapp: JDevOJSP: init
5/12/19 21:02 DiegoSamuelBalderramaQuino-taller3-webapp: action: init
5/12/19 21:02 DiegoSamuelBalderramaQuino-taller3-webapp: 9.0.3.0.0 Started
5/12/19 21:07 Started
5/12/19 21:07 DiegoSamuelBalderramaQuino-taller3-webapp: JDevOJSP: init
5/12/19 21:07 DiegoSamuelBalderramaQuino-taller3-webapp: action: init
5/12/19 21:07 DiegoSamuelBalderramaQuino-taller3-webapp: 9.0.3.0.0 Started
5/12/19 21:11 Started
5/12/19 21:11 DiegoSamuelBalderramaQuino-taller3-webapp: JDevOJSP: init
5/12/19 21:11 DiegoSamuelBalderramaQuino-taller3-webapp: action: init
5/12/19 21:11 DiegoSamuelBalderramaQuino-taller3-webapp: 9.0.3.0.0 Started
5/12/19 21:23 Started
5/12/19 21:23 DiegoSamuelBalderramaQuino-taller3-webapp: JDevOJSP: init
5/12/19 21:23 DiegoSamuelBalderramaQuino-taller3-webapp: action: init
5/12/19 21:23 DiegoSamuelBalderramaQuino-taller3-webapp: 9.0.3.0.0 Started
5/12/19 21:41 Started
5/12/19 21:41 DiegoSamuelBalderramaQuino-taller3-webapp: JDevOJSP: init
5/12/19 21:41 DiegoSamuelBalderramaQuino-taller3-webapp: action: init
5/12/19 21:41 DiegoSamuelBalderramaQuino-taller3-webapp: 9.0.3.0.0 Started
5/12/19 21:41 DiegoSamuelBalderramaQuino-taller3-webapp: Servlet error
javax.servlet.jsp.JspException: Cannot create iterator for this collection
	int org.apache.struts.taglib.logic.IterateTag.doStartTag()
		IterateTag.java:337
	void _updateData._jspService(javax.servlet.http.HttpServletRequest, javax.servlet.http.HttpServletResponse)
		updateData.jsp:27
	void oracle.jsp.runtime.HttpJsp.service(javax.servlet.ServletRequest, javax.servlet.ServletResponse)
		HttpJsp.java:139
	void oracle.jsp.runtimev2.JspPageTable.service(javax.servlet.http.HttpServletRequest, javax.servlet.http.HttpServletResponse, java.lang.String)
		JspPageTable.java:317
	void oracle.jsp.runtimev2.JspServlet.internalService(javax.servlet.http.HttpServletRequest, javax.servlet.http.HttpServletResponse)
		JspServlet.java:465
	void oracle.jsp.runtimev2.JspServlet.service(javax.servlet.http.HttpServletRequest, javax.servlet.http.HttpServletResponse)
		JspServlet.java:379
	void javax.servlet.http.HttpServlet.service(javax.servlet.ServletRequest, javax.servlet.ServletResponse)
		HttpServlet.java:853
	void com.evermind[Oracle9iAS (9.0.3.0.0) Containers for J2EE].server.http.ServletRequestDispatcher.invoke(javax.servlet.ServletRequest, javax.servlet.ServletResponse)
		ServletRequestDispatcher.java:721
	void com.evermind[Oracle9iAS (9.0.3.0.0) Containers for J2EE].server.http.ServletRequestDispatcher.forwardInternal(javax.servlet.ServletRequest, javax.servlet.http.HttpServletResponse)
		ServletRequestDispatcher.java:306
	void com.evermind[Oracle9iAS (9.0.3.0.0) Containers for J2EE].server.http.ServletRequestDispatcher.forward(javax.servlet.ServletRequest, javax.servlet.ServletResponse)
		ServletRequestDispatcher.java:209
	void org.apache.struts.action.RequestProcessor.doForward(java.lang.String, javax.servlet.http.HttpServletRequest, javax.servlet.http.HttpServletResponse)
		RequestProcessor.java:1014
	void org.apache.struts.action.RequestProcessor.processForwardConfig(javax.servlet.http.HttpServletRequest, javax.servlet.http.HttpServletResponse, org.apache.struts.config.ForwardConfig)
		RequestProcessor.java:417
	void org.apache.struts.action.RequestProcessor.processActionForward(javax.servlet.http.HttpServletRequest, javax.servlet.http.HttpServletResponse, org.apache.struts.action.ActionForward)
		RequestProcessor.java:390
	void org.apache.struts.action.RequestProcessor.process(javax.servlet.http.HttpServletRequest, javax.servlet.http.HttpServletResponse)
		RequestProcessor.java:271
	void org.apache.struts.action.ActionServlet.process(javax.servlet.http.HttpServletRequest, javax.servlet.http.HttpServletResponse)
		ActionServlet.java:1292
	void org.apache.struts.action.ActionServlet.doPost(javax.servlet.http.HttpServletRequest, javax.servlet.http.HttpServletResponse)
		ActionServlet.java:510
	void javax.servlet.http.HttpServlet.service(javax.servlet.http.HttpServletRequest, javax.servlet.http.HttpServletResponse)
		HttpServlet.java:760
	void javax.servlet.http.HttpServlet.service(javax.servlet.ServletRequest, javax.servlet.ServletResponse)
		HttpServlet.java:853
	void com.evermind[Oracle9iAS (9.0.3.0.0) Containers for J2EE].server.http.ServletRequestDispatcher.invoke(javax.servlet.ServletRequest, javax.servlet.ServletResponse)
		ServletRequestDispatcher.java:721
	void com.evermind[Oracle9iAS (9.0.3.0.0) Containers for J2EE].server.http.ServletRequestDispatcher.forwardInternal(javax.servlet.ServletRequest, javax.servlet.http.HttpServletResponse)
		ServletRequestDispatcher.java:306
	boolean com.evermind[Oracle9iAS (9.0.3.0.0) Containers for J2EE].server.http.HttpRequestHandler.processRequest(com.evermind[Oracle9iAS (9.0.3.0.0) Containers for J2EE].server.ApplicationServerThread, com.evermind[Oracle9iAS (9.0.3.0.0) Containers for J2EE].server.http.EvermindHttpServletRequest, com.evermind[Oracle9iAS (9.0.3.0.0) Containers for J2EE].server.http.EvermindHttpServletResponse, java.io.InputStream, java.io.OutputStream, boolean)
		HttpRequestHandler.java:767
	void com.evermind[Oracle9iAS (9.0.3.0.0) Containers for J2EE].server.http.HttpRequestHandler.run(java.lang.Thread)
		HttpRequestHandler.java:259
	void com.evermind[Oracle9iAS (9.0.3.0.0) Containers for J2EE].server.http.HttpRequestHandler.run()
		HttpRequestHandler.java:106
	void EDU.oswego.cs.dl.util.concurrent.PooledExecutor$Worker.run()
		PooledExecutor.java:803
	void java.lang.Thread.run()
		Thread.java:484
5/12/19 21:41 Started
5/12/19 21:41 DiegoSamuelBalderramaQuino-taller3-webapp: JDevOJSP: init
5/12/19 21:41 DiegoSamuelBalderramaQuino-taller3-webapp: action: init
5/12/19 21:42 DiegoSamuelBalderramaQuino-taller3-webapp: 9.0.3.0.0 Started
5/12/19 21:42 DiegoSamuelBalderramaQuino-taller3-webapp: Servlet error
javax.servlet.jsp.JspException: No getter method for property id of bean customer
	java.lang.Object org.apache.struts.util.RequestUtils.lookup(javax.servlet.jsp.PageContext, java.lang.String, java.lang.String, java.lang.String)
		RequestUtils.java:742
	int org.apache.struts.taglib.html.BaseFieldTag.doStartTag()
		BaseFieldTag.java:193
	void _updateData._jspService(javax.servlet.http.HttpServletRequest, javax.servlet.http.HttpServletResponse)
		updateData.jsp:29
	void oracle.jsp.runtime.HttpJsp.service(javax.servlet.ServletRequest, javax.servlet.ServletResponse)
		HttpJsp.java:139
	void oracle.jsp.runtimev2.JspPageTable.service(javax.servlet.http.HttpServletRequest, javax.servlet.http.HttpServletResponse, java.lang.String)
		JspPageTable.java:317
	void oracle.jsp.runtimev2.JspServlet.internalService(javax.servlet.http.HttpServletRequest, javax.servlet.http.HttpServletResponse)
		JspServlet.java:465
	void oracle.jsp.runtimev2.JspServlet.service(javax.servlet.http.HttpServletRequest, javax.servlet.http.HttpServletResponse)
		JspServlet.java:379
	void javax.servlet.http.HttpServlet.service(javax.servlet.ServletRequest, javax.servlet.ServletResponse)
		HttpServlet.java:853
	void com.evermind[Oracle9iAS (9.0.3.0.0) Containers for J2EE].server.http.ServletRequestDispatcher.invoke(javax.servlet.ServletRequest, javax.servlet.ServletResponse)
		ServletRequestDispatcher.java:721
	void com.evermind[Oracle9iAS (9.0.3.0.0) Containers for J2EE].server.http.ServletRequestDispatcher.forwardInternal(javax.servlet.ServletRequest, javax.servlet.http.HttpServletResponse)
		ServletRequestDispatcher.java:306
	void com.evermind[Oracle9iAS (9.0.3.0.0) Containers for J2EE].server.http.ServletRequestDispatcher.forward(javax.servlet.ServletRequest, javax.servlet.ServletResponse)
		ServletRequestDispatcher.java:209
	void org.apache.struts.action.RequestProcessor.doForward(java.lang.String, javax.servlet.http.HttpServletRequest, javax.servlet.http.HttpServletResponse)
		RequestProcessor.java:1014
	void org.apache.struts.action.RequestProcessor.processForwardConfig(javax.servlet.http.HttpServletRequest, javax.servlet.http.HttpServletResponse, org.apache.struts.config.ForwardConfig)
		RequestProcessor.java:417
	void org.apache.struts.action.RequestProcessor.processActionForward(javax.servlet.http.HttpServletRequest, javax.servlet.http.HttpServletResponse, org.apache.struts.action.ActionForward)
		RequestProcessor.java:390
	void org.apache.struts.action.RequestProcessor.process(javax.servlet.http.HttpServletRequest, javax.servlet.http.HttpServletResponse)
		RequestProcessor.java:271
	void org.apache.struts.action.ActionServlet.process(javax.servlet.http.HttpServletRequest, javax.servlet.http.HttpServletResponse)
		ActionServlet.java:1292
	void org.apache.struts.action.ActionServlet.doPost(javax.servlet.http.HttpServletRequest, javax.servlet.http.HttpServletResponse)
		ActionServlet.java:510
	void javax.servlet.http.HttpServlet.service(javax.servlet.http.HttpServletRequest, javax.servlet.http.HttpServletResponse)
		HttpServlet.java:760
	void javax.servlet.http.HttpServlet.service(javax.servlet.ServletRequest, javax.servlet.ServletResponse)
		HttpServlet.java:853
	void com.evermind[Oracle9iAS (9.0.3.0.0) Containers for J2EE].server.http.ServletRequestDispatcher.invoke(javax.servlet.ServletRequest, javax.servlet.ServletResponse)
		ServletRequestDispatcher.java:721
	void com.evermind[Oracle9iAS (9.0.3.0.0) Containers for J2EE].server.http.ServletRequestDispatcher.forwardInternal(javax.servlet.ServletRequest, javax.servlet.http.HttpServletResponse)
		ServletRequestDispatcher.java:306
	boolean com.evermind[Oracle9iAS (9.0.3.0.0) Containers for J2EE].server.http.HttpRequestHandler.processRequest(com.evermind[Oracle9iAS (9.0.3.0.0) Containers for J2EE].server.ApplicationServerThread, com.evermind[Oracle9iAS (9.0.3.0.0) Containers for J2EE].server.http.EvermindHttpServletRequest, com.evermind[Oracle9iAS (9.0.3.0.0) Containers for J2EE].server.http.EvermindHttpServletResponse, java.io.InputStream, java.io.OutputStream, boolean)
		HttpRequestHandler.java:767
	void com.evermind[Oracle9iAS (9.0.3.0.0) Containers for J2EE].server.http.HttpRequestHandler.run(java.lang.Thread)
		HttpRequestHandler.java:259
	void com.evermind[Oracle9iAS (9.0.3.0.0) Containers for J2EE].server.http.HttpRequestHandler.run()
		HttpRequestHandler.java:106
	void EDU.oswego.cs.dl.util.concurrent.PooledExecutor$Worker.run()
		PooledExecutor.java:803
	void java.lang.Thread.run()
		Thread.java:484
5/12/19 21:45 Started
5/12/19 21:45 DiegoSamuelBalderramaQuino-taller3-webapp: JDevOJSP: init
5/12/19 21:45 DiegoSamuelBalderramaQuino-taller3-webapp: action: init
5/12/19 21:45 DiegoSamuelBalderramaQuino-taller3-webapp: 9.0.3.0.0 Started
5/12/19 21:45 DiegoSamuelBalderramaQuino-taller3-webapp: Servlet error
javax.servlet.jsp.JspException: No getter method for property id of bean customer
	java.lang.Object org.apache.struts.util.RequestUtils.lookup(javax.servlet.jsp.PageContext, java.lang.String, java.lang.String, java.lang.String)
		RequestUtils.java:742
	int org.apache.struts.taglib.html.BaseFieldTag.doStartTag()
		BaseFieldTag.java:193
	void _updateData._jspService(javax.servlet.http.HttpServletRequest, javax.servlet.http.HttpServletResponse)
		updateData.jsp:29
	void oracle.jsp.runtime.HttpJsp.service(javax.servlet.ServletRequest, javax.servlet.ServletResponse)
		HttpJsp.java:139
	void oracle.jsp.runtimev2.JspPageTable.service(javax.servlet.http.HttpServletRequest, javax.servlet.http.HttpServletResponse, java.lang.String)
		JspPageTable.java:317
	void oracle.jsp.runtimev2.JspServlet.internalService(javax.servlet.http.HttpServletRequest, javax.servlet.http.HttpServletResponse)
		JspServlet.java:465
	void oracle.jsp.runtimev2.JspServlet.service(javax.servlet.http.HttpServletRequest, javax.servlet.http.HttpServletResponse)
		JspServlet.java:379
	void javax.servlet.http.HttpServlet.service(javax.servlet.ServletRequest, javax.servlet.ServletResponse)
		HttpServlet.java:853
	void com.evermind[Oracle9iAS (9.0.3.0.0) Containers for J2EE].server.http.ServletRequestDispatcher.invoke(javax.servlet.ServletRequest, javax.servlet.ServletResponse)
		ServletRequestDispatcher.java:721
	void com.evermind[Oracle9iAS (9.0.3.0.0) Containers for J2EE].server.http.ServletRequestDispatcher.forwardInternal(javax.servlet.ServletRequest, javax.servlet.http.HttpServletResponse)
		ServletRequestDispatcher.java:306
	void com.evermind[Oracle9iAS (9.0.3.0.0) Containers for J2EE].server.http.ServletRequestDispatcher.forward(javax.servlet.ServletRequest, javax.servlet.ServletResponse)
		ServletRequestDispatcher.java:209
	void org.apache.struts.action.RequestProcessor.doForward(java.lang.String, javax.servlet.http.HttpServletRequest, javax.servlet.http.HttpServletResponse)
		RequestProcessor.java:1014
	void org.apache.struts.action.RequestProcessor.processForwardConfig(javax.servlet.http.HttpServletRequest, javax.servlet.http.HttpServletResponse, org.apache.struts.config.ForwardConfig)
		RequestProcessor.java:417
	void org.apache.struts.action.RequestProcessor.processActionForward(javax.servlet.http.HttpServletRequest, javax.servlet.http.HttpServletResponse, org.apache.struts.action.ActionForward)
		RequestProcessor.java:390
	void org.apache.struts.action.RequestProcessor.process(javax.servlet.http.HttpServletRequest, javax.servlet.http.HttpServletResponse)
		RequestProcessor.java:271
	void org.apache.struts.action.ActionServlet.process(javax.servlet.http.HttpServletRequest, javax.servlet.http.HttpServletResponse)
		ActionServlet.java:1292
	void org.apache.struts.action.ActionServlet.doPost(javax.servlet.http.HttpServletRequest, javax.servlet.http.HttpServletResponse)
		ActionServlet.java:510
	void javax.servlet.http.HttpServlet.service(javax.servlet.http.HttpServletRequest, javax.servlet.http.HttpServletResponse)
		HttpServlet.java:760
	void javax.servlet.http.HttpServlet.service(javax.servlet.ServletRequest, javax.servlet.ServletResponse)
		HttpServlet.java:853
	void com.evermind[Oracle9iAS (9.0.3.0.0) Containers for J2EE].server.http.ServletRequestDispatcher.invoke(javax.servlet.ServletRequest, javax.servlet.ServletResponse)
		ServletRequestDispatcher.java:721
	void com.evermind[Oracle9iAS (9.0.3.0.0) Containers for J2EE].server.http.ServletRequestDispatcher.forwardInternal(javax.servlet.ServletRequest, javax.servlet.http.HttpServletResponse)
		ServletRequestDispatcher.java:306
	boolean com.evermind[Oracle9iAS (9.0.3.0.0) Containers for J2EE].server.http.HttpRequestHandler.processRequest(com.evermind[Oracle9iAS (9.0.3.0.0) Containers for J2EE].server.ApplicationServerThread, com.evermind[Oracle9iAS (9.0.3.0.0) Containers for J2EE].server.http.EvermindHttpServletRequest, com.evermind[Oracle9iAS (9.0.3.0.0) Containers for J2EE].server.http.EvermindHttpServletResponse, java.io.InputStream, java.io.OutputStream, boolean)
		HttpRequestHandler.java:767
	void com.evermind[Oracle9iAS (9.0.3.0.0) Containers for J2EE].server.http.HttpRequestHandler.run(java.lang.Thread)
		HttpRequestHandler.java:259
	void com.evermind[Oracle9iAS (9.0.3.0.0) Containers for J2EE].server.http.HttpRequestHandler.run()
		HttpRequestHandler.java:106
	void EDU.oswego.cs.dl.util.concurrent.PooledExecutor$Worker.run()
		PooledExecutor.java:803
	void java.lang.Thread.run()
		Thread.java:484
5/12/19 21:51 Started
5/12/19 21:51 DiegoSamuelBalderramaQuino-taller3-webapp: JDevOJSP: init
5/12/19 21:51 DiegoSamuelBalderramaQuino-taller3-webapp: action: init
5/12/19 21:51 DiegoSamuelBalderramaQuino-taller3-webapp: 9.0.3.0.0 Started
5/12/19 21:51 DiegoSamuelBalderramaQuino-taller3-webapp: Servlet error
javax.servlet.jsp.JspException: Cannot find bean org.apache.struts.taglib.html.BEAN in any scope
	java.lang.Object org.apache.struts.util.RequestUtils.lookup(javax.servlet.jsp.PageContext, java.lang.String, java.lang.String, java.lang.String)
		RequestUtils.java:714
	int org.apache.struts.taglib.html.BaseFieldTag.doStartTag()
		BaseFieldTag.java:193
	void _updateData._jspService(javax.servlet.http.HttpServletRequest, javax.servlet.http.HttpServletResponse)
		updateData.jsp:29
	void oracle.jsp.runtime.HttpJsp.service(javax.servlet.ServletRequest, javax.servlet.ServletResponse)
		HttpJsp.java:139
	void oracle.jsp.runtimev2.JspPageTable.service(javax.servlet.http.HttpServletRequest, javax.servlet.http.HttpServletResponse, java.lang.String)
		JspPageTable.java:317
	void oracle.jsp.runtimev2.JspServlet.internalService(javax.servlet.http.HttpServletRequest, javax.servlet.http.HttpServletResponse)
		JspServlet.java:465
	void oracle.jsp.runtimev2.JspServlet.service(javax.servlet.http.HttpServletRequest, javax.servlet.http.HttpServletResponse)
		JspServlet.java:379
	void javax.servlet.http.HttpServlet.service(javax.servlet.ServletRequest, javax.servlet.ServletResponse)
		HttpServlet.java:853
	void com.evermind[Oracle9iAS (9.0.3.0.0) Containers for J2EE].server.http.ServletRequestDispatcher.invoke(javax.servlet.ServletRequest, javax.servlet.ServletResponse)
		ServletRequestDispatcher.java:721
	void com.evermind[Oracle9iAS (9.0.3.0.0) Containers for J2EE].server.http.ServletRequestDispatcher.forwardInternal(javax.servlet.ServletRequest, javax.servlet.http.HttpServletResponse)
		ServletRequestDispatcher.java:306
	void com.evermind[Oracle9iAS (9.0.3.0.0) Containers for J2EE].server.http.ServletRequestDispatcher.forward(javax.servlet.ServletRequest, javax.servlet.ServletResponse)
		ServletRequestDispatcher.java:209
	void org.apache.struts.action.RequestProcessor.doForward(java.lang.String, javax.servlet.http.HttpServletRequest, javax.servlet.http.HttpServletResponse)
		RequestProcessor.java:1014
	void org.apache.struts.action.RequestProcessor.processForwardConfig(javax.servlet.http.HttpServletRequest, javax.servlet.http.HttpServletResponse, org.apache.struts.config.ForwardConfig)
		RequestProcessor.java:417
	void org.apache.struts.action.RequestProcessor.processActionForward(javax.servlet.http.HttpServletRequest, javax.servlet.http.HttpServletResponse, org.apache.struts.action.ActionForward)
		RequestProcessor.java:390
	void org.apache.struts.action.RequestProcessor.process(javax.servlet.http.HttpServletRequest, javax.servlet.http.HttpServletResponse)
		RequestProcessor.java:271
	void org.apache.struts.action.ActionServlet.process(javax.servlet.http.HttpServletRequest, javax.servlet.http.HttpServletResponse)
		ActionServlet.java:1292
	void org.apache.struts.action.ActionServlet.doPost(javax.servlet.http.HttpServletRequest, javax.servlet.http.HttpServletResponse)
		ActionServlet.java:510
	void javax.servlet.http.HttpServlet.service(javax.servlet.http.HttpServletRequest, javax.servlet.http.HttpServletResponse)
		HttpServlet.java:760
	void javax.servlet.http.HttpServlet.service(javax.servlet.ServletRequest, javax.servlet.ServletResponse)
		HttpServlet.java:853
	void com.evermind[Oracle9iAS (9.0.3.0.0) Containers for J2EE].server.http.ServletRequestDispatcher.invoke(javax.servlet.ServletRequest, javax.servlet.ServletResponse)
		ServletRequestDispatcher.java:721
	void com.evermind[Oracle9iAS (9.0.3.0.0) Containers for J2EE].server.http.ServletRequestDispatcher.forwardInternal(javax.servlet.ServletRequest, javax.servlet.http.HttpServletResponse)
		ServletRequestDispatcher.java:306
	boolean com.evermind[Oracle9iAS (9.0.3.0.0) Containers for J2EE].server.http.HttpRequestHandler.processRequest(com.evermind[Oracle9iAS (9.0.3.0.0) Containers for J2EE].server.ApplicationServerThread, com.evermind[Oracle9iAS (9.0.3.0.0) Containers for J2EE].server.http.EvermindHttpServletRequest, com.evermind[Oracle9iAS (9.0.3.0.0) Containers for J2EE].server.http.EvermindHttpServletResponse, java.io.InputStream, java.io.OutputStream, boolean)
		HttpRequestHandler.java:767
	void com.evermind[Oracle9iAS (9.0.3.0.0) Containers for J2EE].server.http.HttpRequestHandler.run(java.lang.Thread)
		HttpRequestHandler.java:259
	void com.evermind[Oracle9iAS (9.0.3.0.0) Containers for J2EE].server.http.HttpRequestHandler.run()
		HttpRequestHandler.java:106
	void EDU.oswego.cs.dl.util.concurrent.PooledExecutor$Worker.run()
		PooledExecutor.java:803
	void java.lang.Thread.run()
		Thread.java:484
5/12/19 21:56 Started
5/12/19 21:56 DiegoSamuelBalderramaQuino-taller3-webapp: JDevOJSP: init
5/12/19 21:56 DiegoSamuelBalderramaQuino-taller3-webapp: action: init
5/12/19 21:56 DiegoSamuelBalderramaQuino-taller3-webapp: 9.0.3.0.0 Started
5/12/19 22:01 Started
5/12/19 22:01 DiegoSamuelBalderramaQuino-taller3-webapp: JDevOJSP: init
5/12/19 22:01 DiegoSamuelBalderramaQuino-taller3-webapp: action: init
5/12/19 22:01 DiegoSamuelBalderramaQuino-taller3-webapp: 9.0.3.0.0 Started
5/12/19 22:07 Started
5/12/19 22:07 DiegoSamuelBalderramaQuino-taller3-webapp: JDevOJSP: init
5/12/19 22:07 DiegoSamuelBalderramaQuino-taller3-webapp: action: init
5/12/19 22:07 DiegoSamuelBalderramaQuino-taller3-webapp: 9.0.3.0.0 Started
5/12/19 22:09 Started
5/12/19 22:09 DiegoSamuelBalderramaQuino-taller3-webapp: JDevOJSP: init
5/12/19 22:09 DiegoSamuelBalderramaQuino-taller3-webapp: action: init
5/12/19 22:09 DiegoSamuelBalderramaQuino-taller3-webapp: 9.0.3.0.0 Started
5/12/19 22:27 Started
5/12/19 22:27 DiegoSamuelBalderramaQuino-taller3-webapp: JDevOJSP: init
5/12/19 22:27 DiegoSamuelBalderramaQuino-taller3-webapp: action: init
5/12/19 22:27 DiegoSamuelBalderramaQuino-taller3-webapp: 9.0.3.0.0 Started
5/12/19 22:27 DiegoSamuelBalderramaQuino-taller3-webapp: Servlet error
javax.servlet.jsp.JspException: Cannot retrieve definition for form bean null
	void org.apache.struts.taglib.html.FormTag.lookup()
		FormTag.java:897
	int org.apache.struts.taglib.html.FormTag.doStartTag()
		FormTag.java:543
	void _updateData._jspService(javax.servlet.http.HttpServletRequest, javax.servlet.http.HttpServletResponse)
		updateData.jsp:27
	void oracle.jsp.runtime.HttpJsp.service(javax.servlet.ServletRequest, javax.servlet.ServletResponse)
		HttpJsp.java:139
	void oracle.jsp.runtimev2.JspPageTable.service(javax.servlet.http.HttpServletRequest, javax.servlet.http.HttpServletResponse, java.lang.String)
		JspPageTable.java:317
	void oracle.jsp.runtimev2.JspServlet.internalService(javax.servlet.http.HttpServletRequest, javax.servlet.http.HttpServletResponse)
		JspServlet.java:465
	void oracle.jsp.runtimev2.JspServlet.service(javax.servlet.http.HttpServletRequest, javax.servlet.http.HttpServletResponse)
		JspServlet.java:379
	void javax.servlet.http.HttpServlet.service(javax.servlet.ServletRequest, javax.servlet.ServletResponse)
		HttpServlet.java:853
	void com.evermind[Oracle9iAS (9.0.3.0.0) Containers for J2EE].server.http.ServletRequestDispatcher.invoke(javax.servlet.ServletRequest, javax.servlet.ServletResponse)
		ServletRequestDispatcher.java:721
	void com.evermind[Oracle9iAS (9.0.3.0.0) Containers for J2EE].server.http.ServletRequestDispatcher.forwardInternal(javax.servlet.ServletRequest, javax.servlet.http.HttpServletResponse)
		ServletRequestDispatcher.java:306
	void com.evermind[Oracle9iAS (9.0.3.0.0) Containers for J2EE].server.http.ServletRequestDispatcher.forward(javax.servlet.ServletRequest, javax.servlet.ServletResponse)
		ServletRequestDispatcher.java:209
	void org.apache.struts.action.RequestProcessor.doForward(java.lang.String, javax.servlet.http.HttpServletRequest, javax.servlet.http.HttpServletResponse)
		RequestProcessor.java:1014
	void org.apache.struts.action.RequestProcessor.processForwardConfig(javax.servlet.http.HttpServletRequest, javax.servlet.http.HttpServletResponse, org.apache.struts.config.ForwardConfig)
		RequestProcessor.java:417
	void org.apache.struts.action.RequestProcessor.processActionForward(javax.servlet.http.HttpServletRequest, javax.servlet.http.HttpServletResponse, org.apache.struts.action.ActionForward)
		RequestProcessor.java:390
	void org.apache.struts.action.RequestProcessor.process(javax.servlet.http.HttpServletRequest, javax.servlet.http.HttpServletResponse)
		RequestProcessor.java:271
	void org.apache.struts.action.ActionServlet.process(javax.servlet.http.HttpServletRequest, javax.servlet.http.HttpServletResponse)
		ActionServlet.java:1292
	void org.apache.struts.action.ActionServlet.doPost(javax.servlet.http.HttpServletRequest, javax.servlet.http.HttpServletResponse)
		ActionServlet.java:510
	void javax.servlet.http.HttpServlet.service(javax.servlet.http.HttpServletRequest, javax.servlet.http.HttpServletResponse)
		HttpServlet.java:760
	void javax.servlet.http.HttpServlet.service(javax.servlet.ServletRequest, javax.servlet.ServletResponse)
		HttpServlet.java:853
	void com.evermind[Oracle9iAS (9.0.3.0.0) Containers for J2EE].server.http.ServletRequestDispatcher.invoke(javax.servlet.ServletRequest, javax.servlet.ServletResponse)
		ServletRequestDispatcher.java:721
	void com.evermind[Oracle9iAS (9.0.3.0.0) Containers for J2EE].server.http.ServletRequestDispatcher.forwardInternal(javax.servlet.ServletRequest, javax.servlet.http.HttpServletResponse)
		ServletRequestDispatcher.java:306
	boolean com.evermind[Oracle9iAS (9.0.3.0.0) Containers for J2EE].server.http.HttpRequestHandler.processRequest(com.evermind[Oracle9iAS (9.0.3.0.0) Containers for J2EE].server.ApplicationServerThread, com.evermind[Oracle9iAS (9.0.3.0.0) Containers for J2EE].server.http.EvermindHttpServletRequest, com.evermind[Oracle9iAS (9.0.3.0.0) Containers for J2EE].server.http.EvermindHttpServletResponse, java.io.InputStream, java.io.OutputStream, boolean)
		HttpRequestHandler.java:767
	void com.evermind[Oracle9iAS (9.0.3.0.0) Containers for J2EE].server.http.HttpRequestHandler.run(java.lang.Thread)
		HttpRequestHandler.java:259
	void com.evermind[Oracle9iAS (9.0.3.0.0) Containers for J2EE].server.http.HttpRequestHandler.run()
		HttpRequestHandler.java:106
	void EDU.oswego.cs.dl.util.concurrent.PooledExecutor$Worker.run()
		PooledExecutor.java:803
	void java.lang.Thread.run()
		Thread.java:484
5/12/19 22:28 Started
5/12/19 22:28 DiegoSamuelBalderramaQuino-taller3-webapp: JDevOJSP: init
5/12/19 22:28 DiegoSamuelBalderramaQuino-taller3-webapp: action: init
5/12/19 22:28 DiegoSamuelBalderramaQuino-taller3-webapp: 9.0.3.0.0 Started
5/12/19 22:29 Started
5/12/19 22:29 DiegoSamuelBalderramaQuino-taller3-webapp: JDevOJSP: init
5/12/19 22:29 DiegoSamuelBalderramaQuino-taller3-webapp: action: init
5/12/19 22:29 DiegoSamuelBalderramaQuino-taller3-webapp: 9.0.3.0.0 Started
5/12/19 22:30 Started
5/12/19 22:30 DiegoSamuelBalderramaQuino-taller3-webapp: JDevOJSP: init
5/12/19 22:30 DiegoSamuelBalderramaQuino-taller3-webapp: action: init
5/12/19 22:30 DiegoSamuelBalderramaQuino-taller3-webapp: 9.0.3.0.0 Started
5/12/19 22:37 Started
5/12/19 22:37 DiegoSamuelBalderramaQuino-taller3-webapp: JDevOJSP: init
5/12/19 22:37 DiegoSamuelBalderramaQuino-taller3-webapp: action: init
5/12/19 22:37 DiegoSamuelBalderramaQuino-taller3-webapp: 9.0.3.0.0 Started
5/12/19 22:44 Started
5/12/19 22:44 DiegoSamuelBalderramaQuino-taller3-webapp: JDevOJSP: init
5/12/19 22:44 DiegoSamuelBalderramaQuino-taller3-webapp: action: init
5/12/19 22:44 DiegoSamuelBalderramaQuino-taller3-webapp: 9.0.3.0.0 Started
5/12/19 22:47 Started
5/12/19 22:47 DiegoSamuelBalderramaQuino-taller3-webapp: JDevOJSP: init
5/12/19 22:47 DiegoSamuelBalderramaQuino-taller3-webapp: action: init
5/12/19 22:47 DiegoSamuelBalderramaQuino-taller3-webapp: 9.0.3.0.0 Started
5/12/19 22:48 Started
5/12/19 22:48 DiegoSamuelBalderramaQuino-taller3-webapp: JDevOJSP: init
5/12/19 22:48 DiegoSamuelBalderramaQuino-taller3-webapp: action: init
5/12/19 22:48 DiegoSamuelBalderramaQuino-taller3-webapp: 9.0.3.0.0 Started
5/12/19 22:50 Started
5/12/19 22:50 DiegoSamuelBalderramaQuino-taller3-webapp: JDevOJSP: init
5/12/19 22:50 DiegoSamuelBalderramaQuino-taller3-webapp: action: init
5/12/19 22:50 DiegoSamuelBalderramaQuino-taller3-webapp: 9.0.3.0.0 Started
